<?xml version="1.0" encoding="UTF-8"?>
<!-- Generated by org.testng.reporters.JUnitReportReporter -->
<testsuite hostname="LAPTOP-3MCIK2FB" failures="0" tests="3" name="testngflags.Flag3" time="0.053" errors="0" timestamp="2022-11-13T20:11:23 IST" skipped="0">
  <testcase classname="testngflags.Flag3" name="loginMethod" time="0.038"/>
  <system-out>
    <![CDATA[logging in....]]>
  </system-out>
  <testcase classname="testngflags.Flag3" name="createUser" time="0.000"/>
  <system-out>
    <![CDATA[creating user....]]>
  </system-out>
  <testcase classname="testngflags.Flag3" name="logoutMethod" time="0.015"/>
  <system-out>
    <![CDATA[logging out....]]>
  </system-out>
</testsuite> <!-- testngflags.Flag3 -->
