<?xml version="1.0" encoding="UTF-8"?>
<!-- Generated by org.testng.reporters.JUnitReportReporter -->
<testsuite hostname="LAPTOP-3MCIK2FB" failures="0" tests="1" name="testngPack.CheckReports3" time="0.018" errors="0" timestamp="2022-11-13T01:18:28 IST" skipped="0">
  <testcase classname="testngPack.CheckReports3" name="checkReports3" time="0.018"/>
  <system-out>
    <![CDATA[tousif]]>
  </system-out>
</testsuite> <!-- testngPack.CheckReports3 -->
