<?xml version="1.0" encoding="UTF-8"?>
<!-- Generated by org.testng.reporters.JUnitReportReporter -->
<testsuite hostname="LAPTOP-3MCIK2FB" failures="0" tests="1" name="testngPack.CheckReport2" time="0.025" errors="0" timestamp="2022-11-13T01:15:30 IST" skipped="0">
  <testcase classname="testngPack.CheckReport2" name="checkReport2" time="0.025"/>
  <system-out>
    <![CDATA[tousif]]>
  </system-out>
</testsuite> <!-- testngPack.CheckReport2 -->
