<?xml version="1.0" encoding="UTF-8"?>
<!-- Generated by org.testng.reporters.JUnitReportReporter -->
<testsuite hostname="LAPTOP-3MCIK2FB" failures="0" tests="1" name="testngPack.SecondClass" time="0.003" errors="0" timestamp="2022-11-13T01:24:54 IST" skipped="0">
  <testcase classname="testngPack.SecondClass" name="remo" time="0.003"/>
  <system-out/>
</testsuite> <!-- testngPack.SecondClass -->
