<?xml version="1.0" encoding="UTF-8"?>
<!-- Generated by org.testng.reporters.JUnitReportReporter -->
<testsuite hostname="LAPTOP-3MCIK2FB" failures="0" tests="1" name="testngParallelExecution.Class3" time="38.068" errors="0" timestamp="2022-11-17T00:06:34 IST" skipped="0">
  <testcase classname="testngParallelExecution.Class3" name="royalChallengersBanglore" time="38.068"/>
  <system-out/>
</testsuite> <!-- testngParallelExecution.Class3 -->
