<?xml version="1.0" encoding="UTF-8"?>
<!-- Generated by org.testng.reporters.JUnitReportReporter -->
<testsuite hostname="LAPTOP-3MCIK2FB" failures="0" tests="1" name="testngParallelExecution.Class2" time="35.264" errors="0" timestamp="2022-11-17T00:06:34 IST" skipped="0">
  <testcase classname="testngParallelExecution.Class2" name="chennaiSuperKings" time="35.264"/>
  <system-out/>
</testsuite> <!-- testngParallelExecution.Class2 -->
