<?xml version="1.0" encoding="UTF-8"?>
<!-- Generated by org.testng.reporters.JUnitReportReporter -->
<testsuite hostname="LAPTOP-3MCIK2FB" failures="0" tests="2" name="testngflags.Flag1" time="0.032" errors="0" timestamp="2022-11-13T20:05:08 IST" skipped="0">
  <testcase classname="testngflags.Flag1" name="loginToActiTime" time="0.000"/>
  <system-out>
    <![CDATA[loggin in......]]>
  </system-out>
  <testcase classname="testngflags.Flag1" name="Flag2" time="0.032"/>
  <system-out>
    <![CDATA[logging out....]]>
  </system-out>
</testsuite> <!-- testngflags.Flag1 -->
