<?xml version="1.0" encoding="UTF-8"?>
<!-- Generated by org.testng.reporters.JUnitReportReporter -->
<testsuite hostname="LAPTOP-3MCIK2FB" failures="0" tests="9" name="testngflags.Flag2" time="0.063" errors="0" timestamp="2022-11-13T20:07:20 IST" skipped="0">
  <testcase classname="testngflags.Flag2" name="a" time="0.016"/>
  <system-out>
    <![CDATA[a method]]>
  </system-out>
  <testcase classname="testngflags.Flag2" name="w" time="0.000"/>
  <system-out>
    <![CDATA[w method]]>
  </system-out>
  <testcase classname="testngflags.Flag2" name="z" time="0.000"/>
  <system-out>
    <![CDATA[z method]]>
  </system-out>
  <testcase classname="testngflags.Flag2" name="g" time="0.000"/>
  <system-out>
    <![CDATA[g method]]>
  </system-out>
  <testcase classname="testngflags.Flag2" name="x" time="0.016"/>
  <system-out>
    <![CDATA[x method]]>
  </system-out>
  <testcase classname="testngflags.Flag2" name="b" time="0.015"/>
  <system-out>
    <![CDATA[b method]]>
  </system-out>
  <testcase classname="testngflags.Flag2" name="j" time="0.016"/>
  <system-out>
    <![CDATA[j method]]>
  </system-out>
  <testcase classname="testngflags.Flag2" name="s" time="0.000"/>
  <system-out>
    <![CDATA[s method]]>
  </system-out>
  <testcase classname="testngflags.Flag2" name="k" time="0.000"/>
  <system-out>
    <![CDATA[k method]]>
  </system-out>
</testsuite> <!-- testngflags.Flag2 -->
