<?xml version="1.0" encoding="UTF-8"?>
<!-- Generated by org.testng.reporters.JUnitReportReporter -->
<testsuite hostname="LAPTOP-3MCIK2FB" failures="0" tests="1" name="testngPack.FirstClass" time="0.015" errors="0" timestamp="2022-11-13T01:24:54 IST" skipped="0">
  <testcase classname="testngPack.FirstClass" name="demo" time="0.015"/>
  <system-out/>
</testsuite> <!-- testngPack.FirstClass -->
