<?xml version="1.0" encoding="UTF-8"?>
<!-- Generated by org.testng.reporters.JUnitReportReporter -->
<testsuite hostname="LAPTOP-3MCIK2FB" failures="0" tests="2" name="testngflags.Flag4" time="0.016" errors="0" timestamp="2022-11-13T20:12:44 IST" skipped="1">
  <testcase classname="testngflags.Flag4" name="login" time="0.016"/>
  <system-out>
    <![CDATA[logging in.......]]>
  </system-out>
  <testcase classname="testngflags.Flag4" name="createUser">
    <skipped/>
  </testcase> <!-- createUser -->
  <system-out/>
</testsuite> <!-- testngflags.Flag4 -->
