<?xml version="1.0" encoding="UTF-8"?>
<!-- Generated by org.testng.reporters.JUnitReportReporter -->
<testsuite hostname="LAPTOP-3MCIK2FB" failures="0" tests="2" name="testngParallelExecution.MethodsParallely" time="0.031" errors="0" timestamp="2022-11-17T00:08:14 IST" skipped="0">
  <testcase classname="testngParallelExecution.MethodsParallely" name="method1" time="0.019"/>
  <system-out>
    <![CDATA[hi i am method 1 : my thread number is  : 1]]>
  </system-out>
  <testcase classname="testngParallelExecution.MethodsParallely" name="method2" time="0.012"/>
  <system-out>
    <![CDATA[hi i am method 2 : my thread number is  : 1]]>
  </system-out>
</testsuite> <!-- testngParallelExecution.MethodsParallely -->
